<?xml version="1.0" encoding="UTF-8"?>
<!-- Generated by org.testng.reporters.JUnitXMLReporter -->
<testsuite ignored="2" hostname="2024-asvidersky" failures="0" tests="1" name="ApiTest Class" time="13.623" errors="0" timestamp="2022-09-04T22:51:15 EEST">
  <testcase classname="ApiTest" name="testCreateGroup" time="6.92"/>
  <testcase classname="ApiTest" name="testCreateStudent" time="0.0">
    <ignored/>
  </testcase> <!-- testCreateStudent -->
  <testcase classname="ApiTest" name="testCreateAssignmentContent" time="0.0">
    <ignored/>
  </testcase> <!-- testCreateAssignmentContent -->
</testsuite> <!-- ApiTest Class -->
